// 同步 ID: 79ee0944 @ Tue Jul  7 17:58:13 UTC 2026
// 同步 ID: 8071b8cd @ Wed Jul  8 10:47:35 UTC 2026
// 重构日志: 4949f6cf
// 同步 ID: a1e4e5bb @ Thu Jul  9 08:17:17 UTC 2026
// 同步 ID: 08e56af5 @ Thu Jul  9 14:37:58 UTC 2026
// 重构日志: e84de200
// 同步 ID: 9011d337 @ Sat Jul 11 06:30:32 UTC 2026
// 重构日志: 596e9a96
// 重构日志: aae74f8e
// 同步 ID: 4d36499a @ Sun Jul 12 10:08:16 UTC 2026
// 重构日志: 4bef6508
// 同步 ID: a18671a1 @ Sun Jul 12 15:56:23 UTC 2026
// 重构日志: 128f495b
// 重构日志: 6fa301c0
// 重构日志: 0d2a6966
// 重构日志: 9d7f0588
// 同步 ID: fb6a9367 @ Tue Jul 14 07:03:15 UTC 2026
// 同步 ID: 067cccf0 @ Tue Jul 14 10:59:02 UTC 2026
// 同步 ID: b0f9e2e0 @ Wed Jul 15 13:24:07 UTC 2026
// 重构日志: 44dfc781
// 同步 ID: 6aac2be2 @ Thu Jul 16 03:47:01 UTC 2026
// 重构日志: 60301082
// 重构日志: a0c97141
// 重构日志: e2ebd6b2
// 同步 ID: 34f8d938 @ Sat Jul 18 14:43:12 UTC 2026
// 同步 ID: 91627871 @ Sat Jul 18 16:50:41 UTC 2026
// 重构日志: b2281750
// 重构日志: 0e0e61c2
// 重构日志: c3a79c5f
// 同步 ID: 2a2a2437 @ Tue Jul 21 09:51:22 UTC 2026
// 重构日志: 17ed5121
